[debug] [2025-08-05T01:19:15.972Z] ----------------------------------------------------------------------
[debug] [2025-08-05T01:19:15.975Z] Command:       /home/max/.nvm/versions/node/v24.5.0/bin/node /usr/local/bin/firebase init
[debug] [2025-08-05T01:19:15.975Z] CLI Version:   14.11.2
[debug] [2025-08-05T01:19:15.975Z] Platform:      linux
[debug] [2025-08-05T01:19:15.975Z] Node Version:  v24.5.0
[debug] [2025-08-05T01:19:15.975Z] Time:          Mon Aug 04 2025 18:19:15 GMT-0700 (Pacific Daylight Time)
[debug] [2025-08-05T01:19:15.976Z] ----------------------------------------------------------------------
[debug] 
[debug] [2025-08-05T01:19:15.980Z] > command requires scopes: ["email","openid","https://www.googleapis.com/auth/cloudplatformprojects.readonly","https://www.googleapis.com/auth/firebase","https://www.googleapis.com/auth/cloud-platform"]
[debug] [2025-08-05T01:19:15.980Z] > authorizing via signed-in user (gaspersscottma@gmail.com)
[info] 
     ######## #### ########  ######## ########     ###     ######  ########
     ##        ##  ##     ## ##       ##     ##  ##   ##  ##       ##
     ######    ##  ########  ######   ########  #########  ######  ######
     ##        ##  ##    ##  ##       ##     ## ##     ##       ## ##
     ##       #### ##     ## ######## ########  ##     ##  ######  ########

You're about to initialize a Firebase project in this directory:

  /home/max/Desktop/firebase-video-demo

[info] 
=== Project Setup
[info] 
[info] First, let's associate this project directory with a Firebase project.
[info] You can create multiple project aliases by running firebase use --add, 
[info] but for now we'll just set up a default project.
[info] 
[debug] [2025-08-05T01:19:52.650Z] Checked if tokens are valid: true, expires at: 1754360325729
[debug] [2025-08-05T01:19:52.650Z] Checked if tokens are valid: true, expires at: 1754360325729
[debug] [2025-08-05T01:19:52.653Z] >>> [apiv2][query] GET https://firebase.googleapis.com/v1beta1/projects pageSize=100
[debug] [2025-08-05T01:19:53.154Z] <<< [apiv2][status] GET https://firebase.googleapis.com/v1beta1/projects 200
[debug] [2025-08-05T01:19:53.154Z] <<< [apiv2][body] GET https://firebase.googleapis.com/v1beta1/projects [omitted]
[info] i  Using project video-vault-gnytb (Video Vault) 
[info] 
=== Firestore Setup
[info] i  firestore: ensuring required API firestore.googleapis.com is enabled... 
[debug] [2025-08-05T01:20:12.994Z] Checked if tokens are valid: true, expires at: 1754360325729
[debug] [2025-08-05T01:20:12.995Z] Checked if tokens are valid: true, expires at: 1754360325729
[debug] [2025-08-05T01:20:12.995Z] >>> [apiv2][query] GET https://serviceusage.googleapis.com/v1/projects/video-vault-gnytb/services/firestore.googleapis.com [none]
[debug] [2025-08-05T01:20:12.995Z] >>> [apiv2][(partial)header] GET https://serviceusage.googleapis.com/v1/projects/video-vault-gnytb/services/firestore.googleapis.com x-goog-quota-user=projects/video-vault-gnytb
[debug] [2025-08-05T01:20:13.492Z] <<< [apiv2][status] GET https://serviceusage.googleapis.com/v1/projects/video-vault-gnytb/services/firestore.googleapis.com 200
[debug] [2025-08-05T01:20:13.492Z] <<< [apiv2][body] GET https://serviceusage.googleapis.com/v1/projects/video-vault-gnytb/services/firestore.googleapis.com [omitted]
[info] ✔  firestore: required API firestore.googleapis.com is enabled 
[debug] [2025-08-05T01:20:13.497Z] Checked if tokens are valid: true, expires at: 1754360325729
[debug] [2025-08-05T01:20:13.497Z] Checked if tokens are valid: true, expires at: 1754360325729
[debug] [2025-08-05T01:20:13.498Z] >>> [apiv2][query] GET https://firestore.googleapis.com/v1/projects/video-vault-gnytb/databases [none]
[debug] [2025-08-05T01:20:14.003Z] <<< [apiv2][status] GET https://firestore.googleapis.com/v1/projects/video-vault-gnytb/databases 200
[debug] [2025-08-05T01:20:14.003Z] <<< [apiv2][body] GET https://firestore.googleapis.com/v1/projects/video-vault-gnytb/databases {}
[debug] [2025-08-05T01:20:14.004Z] Checked if tokens are valid: true, expires at: 1754360325729
[debug] [2025-08-05T01:20:14.004Z] Checked if tokens are valid: true, expires at: 1754360325729
[debug] [2025-08-05T01:20:14.004Z] >>> [apiv2][query] GET https://firestore.googleapis.com/v1/projects/video-vault-gnytb/locations [none]
[debug] [2025-08-05T01:20:14.092Z] <<< [apiv2][status] GET https://firestore.googleapis.com/v1/projects/video-vault-gnytb/locations 200
[debug] [2025-08-05T01:20:14.092Z] <<< [apiv2][body] GET https://firestore.googleapis.com/v1/projects/video-vault-gnytb/locations {"locations":[{"name":"projects/video-vault-gnytb/locations/eur3","labels":{"appengine.googleapis.com/geo":"europe-west","cloud.googleapis.com/location":"eur3","cloud.googleapis.com/geo":"eur3"},"metadata":{"@type":"type.googleapis.com/google.firestore.admin.v1.LocationMetadata"},"locationId":"eur3","displayName":"Europe"},{"name":"projects/video-vault-gnytb/locations/nam5","labels":{"appengine.googleapis.com/geo":"us-central","cloud.googleapis.com/location":"nam5","cloud.googleapis.com/geo":"nam5"},"metadata":{"@type":"type.googleapis.com/google.firestore.admin.v1.LocationMetadata"},"locationId":"nam5","displayName":"United States"},{"name":"projects/video-vault-gnytb/locations/nam7","labels":{"cloud.googleapis.com/location":"nam7","cloud.googleapis.com/geo":"nam7"},"metadata":{"@type":"type.googleapis.com/google.firestore.admin.v1.LocationMetadata"},"locationId":"nam7","displayName":"United States"},{"name":"projects/video-vault-gnytb/locations/africa-south1","labels":{"cloud.googleapis.com/location":"africa-south1","cloud.googleapis.com/region":"africa-south1"},"metadata":{"@type":"type.googleapis.com/google.firestore.admin.v1.LocationMetadata"},"locationId":"africa-south1","displayName":"Johannesburg"},{"name":"projects/video-vault-gnytb/locations/asia-east1","labels":{"appengine.googleapis.com/region":"asia-east1","cloud.googleapis.com/location":"asia-east1","cloud.googleapis.com/region":"asia-east1"},"metadata":{"@type":"type.googleapis.com/google.firestore.admin.v1.LocationMetadata"},"locationId":"asia-east1","displayName":"Taiwan"},{"name":"projects/video-vault-gnytb/locations/asia-east2","labels":{"appengine.googleapis.com/region":"asia-east2","cloud.googleapis.com/location":"asia-east2","cloud.googleapis.com/region":"asia-east2"},"metadata":{"@type":"type.googleapis.com/google.firestore.admin.v1.LocationMetadata"},"locationId":"asia-east2","displayName":"Hong Kong"},{"name":"projects/video-vault-gnytb/locations/asia-northeast1","labels":{"appengine.googleapis.com/region":"asia-northeast1","cloud.googleapis.com/location":"asia-northeast1","cloud.googleapis.com/region":"asia-northeast1"},"metadata":{"@type":"type.googleapis.com/google.firestore.admin.v1.LocationMetadata"},"locationId":"asia-northeast1","displayName":"Tokyo"},{"name":"projects/video-vault-gnytb/locations/asia-northeast2","labels":{"appengine.googleapis.com/region":"asia-northeast2","cloud.googleapis.com/location":"asia-northeast2","cloud.googleapis.com/region":"asia-northeast2"},"metadata":{"@type":"type.googleapis.com/google.firestore.admin.v1.LocationMetadata"},"locationId":"asia-northeast2","displayName":"Osaka"},{"name":"projects/video-vault-gnytb/locations/asia-northeast3","labels":{"appengine.googleapis.com/region":"asia-northeast3","cloud.googleapis.com/location":"asia-northeast3","cloud.googleapis.com/region":"asia-northeast3"},"metadata":{"@type":"type.googleapis.com/google.firestore.admin.v1.LocationMetadata"},"locationId":"asia-northeast3","displayName":"Seoul"},{"name":"projects/video-vault-gnytb/locations/asia-south1","labels":{"appengine.googleapis.com/region":"asia-south1","cloud.googleapis.com/location":"asia-south1","cloud.googleapis.com/region":"asia-south1"},"metadata":{"@type":"type.googleapis.com/google.firestore.admin.v1.LocationMetadata"},"locationId":"asia-south1","displayName":"Mumbai"},{"name":"projects/video-vault-gnytb/locations/asia-south2","labels":{"cloud.googleapis.com/location":"asia-south2","cloud.googleapis.com/region":"asia-south2"},"metadata":{"@type":"type.googleapis.com/google.firestore.admin.v1.LocationMetadata"},"locationId":"asia-south2","displayName":"Delhi"},{"name":"projects/video-vault-gnytb/locations/asia-southeast1","labels":{"appengine.googleapis.com/region":"asia-southeast1","cloud.googleapis.com/location":"asia-southeast1","cloud.googleapis.com/region":"asia-southeast1"},"metadata":{"@type":"type.googleapis.com/google.firestore.admin.v1.LocationMetadata"},"locationId":"asia-southeast1","displayName":"Singapore"},{"name":"projects/video-vault-gnytb/locations/asia-southeast2","labels":{"appengine.googleapis.com/region":"asia-southeast2","cloud.googleapis.com/location":"asia-southeast2","cloud.googleapis.com/region":"asia-southeast2"},"metadata":{"@type":"type.googleapis.com/google.firestore.admin.v1.LocationMetadata"},"locationId":"asia-southeast2","displayName":"Jakarta"},{"name":"projects/video-vault-gnytb/locations/australia-southeast1","labels":{"appengine.googleapis.com/region":"australia-southeast1","cloud.googleapis.com/location":"australia-southeast1","cloud.googleapis.com/region":"australia-southeast1"},"metadata":{"@type":"type.googleapis.com/google.firestore.admin.v1.LocationMetadata"},"locationId":"australia-southeast1","displayName":"Sydney"},{"name":"projects/video-vault-gnytb/locations/australia-southeast2","labels":{"cloud.googleapis.com/location":"australia-southeast2","cloud.googleapis.com/region":"australia-southeast2"},"metadata":{"@type":"type.googleapis.com/google.firestore.admin.v1.LocationMetadata"},"locationId":"australia-southeast2","displayName":"Melbourne"},{"name":"projects/video-vault-gnytb/locations/europe-central2","labels":{"appengine.googleapis.com/region":"europe-central2","cloud.googleapis.com/location":"europe-central2","cloud.googleapis.com/region":"europe-central2"},"metadata":{"@type":"type.googleapis.com/google.firestore.admin.v1.LocationMetadata"},"locationId":"europe-central2","displayName":"Warsaw"},{"name":"projects/video-vault-gnytb/locations/europe-north1","labels":{"cloud.googleapis.com/location":"europe-north1","cloud.googleapis.com/region":"europe-north1"},"metadata":{"@type":"type.googleapis.com/google.firestore.admin.v1.LocationMetadata"},"locationId":"europe-north1","displayName":"Finland"},{"name":"projects/video-vault-gnytb/locations/europe-north2","labels":{"cloud.googleapis.com/location":"europe-north2","cloud.googleapis.com/region":"europe-north2"},"metadata":{"@type":"type.googleapis.com/google.firestore.admin.v1.LocationMetadata"},"locationId":"europe-north2","displayName":"Stockholm"},{"name":"projects/video-vault-gnytb/locations/europe-southwest1","labels":{"cloud.googleapis.com/location":"europe-southwest1","cloud.googleapis.com/region":"europe-southwest1"},"metadata":{"@type":"type.googleapis.com/google.firestore.admin.v1.LocationMetadata"},"locationId":"europe-southwest1","displayName":"Madrid"},{"name":"projects/video-vault-gnytb/locations/europe-west1","labels":{"cloud.googleapis.com/location":"europe-west1","cloud.googleapis.com/region":"europe-west1"},"metadata":{"@type":"type.googleapis.com/google.firestore.admin.v1.LocationMetadata"},"locationId":"europe-west1","displayName":"Belgium"},{"name":"projects/video-vault-gnytb/locations/europe-west10","labels":{"cloud.googleapis.com/location":"europe-west10","cloud.googleapis.com/region":"europe-west10"},"metadata":{"@type":"type.googleapis.com/google.firestore.admin.v1.LocationMetadata"},"locationId":"europe-west10","displayName":"Berlin"},{"name":"projects/video-vault-gnytb/locations/europe-west12","labels":{"cloud.googleapis.com/location":"europe-west12","cloud.googleapis.com/region":"europe-west12"},"metadata":{"@type":"type.googleapis.com/google.firestore.admin.v1.LocationMetadata"},"locationId":"europe-west12","displayName":"Turin"},{"name":"projects/video-vault-gnytb/locations/europe-west2","labels":{"appengine.googleapis.com/region":"europe-west2","cloud.googleapis.com/location":"europe-west2","cloud.googleapis.com/region":"europe-west2"},"metadata":{"@type":"type.googleapis.com/google.firestore.admin.v1.LocationMetadata"},"locationId":"europe-west2","displayName":"London"},{"name":"projects/video-vault-gnytb/locations/europe-west3","labels":{"appengine.googleapis.com/region":"europe-west3","cloud.googleapis.com/location":"europe-west3","cloud.googleapis.com/region":"europe-west3"},"metadata":{"@type":"type.googleapis.com/google.firestore.admin.v1.LocationMetadata"},"locationId":"europe-west3","displayName":"Frankfurt"},{"name":"projects/video-vault-gnytb/locations/europe-west4","labels":{"cloud.googleapis.com/location":"europe-west4","cloud.googleapis.com/region":"europe-west4"},"metadata":{"@type":"type.googleapis.com/google.firestore.admin.v1.LocationMetadata"},"locationId":"europe-west4","displayName":"Netherlands"},{"name":"projects/video-vault-gnytb/locations/europe-west6","labels":{"appengine.googleapis.com/region":"europe-west6","cloud.googleapis.com/location":"europe-west6","cloud.googleapis.com/region":"europe-west6"},"metadata":{"@type":"type.googleapis.com/google.firestore.admin.v1.LocationMetadata"},"locationId":"europe-west6","displayName":"Zurich"},{"name":"projects/video-vault-gnytb/locations/europe-west8","labels":{"cloud.googleapis.com/location":"europe-west8","cloud.googleapis.com/region":"europe-west8"},"metadata":{"@type":"type.googleapis.com/google.firestore.admin.v1.LocationMetadata"},"locationId":"europe-west8","displayName":"Milan"},{"name":"projects/video-vault-gnytb/locations/europe-west9","labels":{"cloud.googleapis.com/location":"europe-west9","cloud.googleapis.com/region":"europe-west9"},"metadata":{"@type":"type.googleapis.com/google.firestore.admin.v1.LocationMetadata"},"locationId":"europe-west9","displayName":"Paris"},{"name":"projects/video-vault-gnytb/locations/me-central1","labels":{"cloud.googleapis.com/location":"me-central1","cloud.googleapis.com/region":"me-central1"},"metadata":{"@type":"type.googleapis.com/google.firestore.admin.v1.LocationMetadata"},"locationId":"me-central1","displayName":"Doha"},{"name":"projects/video-vault-gnytb/locations/me-central2","labels":{"cloud.googleapis.com/location":"me-central2","cloud.googleapis.com/region":"me-central2"},"metadata":{"@type":"type.googleapis.com/google.firestore.admin.v1.LocationMetadata"},"locationId":"me-central2","displayName":"Dammam"},{"name":"projects/video-vault-gnytb/locations/me-west1","labels":{"cloud.googleapis.com/location":"me-west1","cloud.googleapis.com/region":"me-west1"},"metadata":{"@type":"type.googleapis.com/google.firestore.admin.v1.LocationMetadata"},"locationId":"me-west1","displayName":"Tel Aviv"},{"name":"projects/video-vault-gnytb/locations/northamerica-northeast1","labels":{"appengine.googleapis.com/region":"northamerica-northeast1","cloud.googleapis.com/location":"northamerica-northeast1","cloud.googleapis.com/region":"northamerica-northeast1"},"metadata":{"@type":"type.googleapis.com/google.firestore.admin.v1.LocationMetadata"},"locationId":"northamerica-northeast1","displayName":"Montréal"},{"name":"projects/video-vault-gnytb/locations/northamerica-northeast2","labels":{"cloud.googleapis.com/location":"northamerica-northeast2","cloud.googleapis.com/region":"northamerica-northeast2"},"metadata":{"@type":"type.googleapis.com/google.firestore.admin.v1.LocationMetadata"},"locationId":"northamerica-northeast2","displayName":"Toronto"},{"name":"projects/video-vault-gnytb/locations/northamerica-south1","labels":{"cloud.googleapis.com/location":"northamerica-south1","cloud.googleapis.com/region":"northamerica-south1"},"metadata":{"@type":"type.googleapis.com/google.firestore.admin.v1.LocationMetadata"},"locationId":"northamerica-south1","displayName":"Mexico"},{"name":"projects/video-vault-gnytb/locations/southamerica-east1","labels":{"appengine.googleapis.com/region":"southamerica-east1","cloud.googleapis.com/location":"southamerica-east1","cloud.googleapis.com/region":"southamerica-east1"},"metadata":{"@type":"type.googleapis.com/google.firestore.admin.v1.LocationMetadata"},"locationId":"southamerica-east1","displayName":"São Paulo"},{"name":"projects/video-vault-gnytb/locations/southamerica-west1","labels":{"cloud.googleapis.com/location":"southamerica-west1","cloud.googleapis.com/region":"southamerica-west1"},"metadata":{"@type":"type.googleapis.com/google.firestore.admin.v1.LocationMetadata"},"locationId":"southamerica-west1","displayName":"Santiago"},{"name":"projects/video-vault-gnytb/locations/us-central1","labels":{"cloud.googleapis.com/location":"us-central1","cloud.googleapis.com/region":"us-central1"},"metadata":{"@type":"type.googleapis.com/google.firestore.admin.v1.LocationMetadata"},"locationId":"us-central1","displayName":"Iowa"},{"name":"projects/video-vault-gnytb/locations/us-east1","labels":{"appengine.googleapis.com/region":"us-east1","cloud.googleapis.com/location":"us-east1","cloud.googleapis.com/region":"us-east1"},"metadata":{"@type":"type.googleapis.com/google.firestore.admin.v1.LocationMetadata"},"locationId":"us-east1","displayName":"South Carolina"},{"name":"projects/video-vault-gnytb/locations/us-east4","labels":{"appengine.googleapis.com/region":"us-east4","cloud.googleapis.com/location":"us-east4","cloud.googleapis.com/region":"us-east4"},"metadata":{"@type":"type.googleapis.com/google.firestore.admin.v1.LocationMetadata"},"locationId":"us-east4","displayName":"Northern Virginia"},{"name":"projects/video-vault-gnytb/locations/us-east5","labels":{"cloud.googleapis.com/location":"us-east5","cloud.googleapis.com/region":"us-east5"},"metadata":{"@type":"type.googleapis.com/google.firestore.admin.v1.LocationMetadata"},"locationId":"us-east5","displayName":"Columbus"},{"name":"projects/video-vault-gnytb/locations/us-south1","labels":{"cloud.googleapis.com/location":"us-south1","cloud.googleapis.com/region":"us-south1"},"metadata":{"@type":"type.googleapis.com/google.firestore.admin.v1.LocationMetadata"},"locationId":"us-south1","displayName":"Dallas"},{"name":"projects/video-vault-gnytb/locations/us-west1","labels":{"appengine.googleapis.com/region":"us-west1","cloud.googleapis.com/location":"us-west1","cloud.googleapis.com/region":"us-west1"},"metadata":{"@type":"type.googleapis.com/google.firestore.admin.v1.LocationMetadata"},"locationId":"us-west1","displayName":"Oregon"},{"name":"projects/video-vault-gnytb/locations/us-west2","labels":{"appengine.googleapis.com/region":"us-west2","cloud.googleapis.com/location":"us-west2","cloud.googleapis.com/region":"us-west2"},"metadata":{"@type":"type.googleapis.com/google.firestore.admin.v1.LocationMetadata"},"locationId":"us-west2","displayName":"Los Angeles"},{"name":"projects/video-vault-gnytb/locations/us-west3","labels":{"appengine.googleapis.com/region":"us-west3","cloud.googleapis.com/location":"us-west3","cloud.googleapis.com/region":"us-west3"},"metadata":{"@type":"type.googleapis.com/google.firestore.admin.v1.LocationMetadata"},"locationId":"us-west3","displayName":"Salt Lake City"},{"name":"projects/video-vault-gnytb/locations/us-west4","labels":{"appengine.googleapis.com/region":"us-west4","cloud.googleapis.com/location":"us-west4","cloud.googleapis.com/region":"us-west4"},"metadata":{"@type":"type.googleapis.com/google.firestore.admin.v1.LocationMetadata"},"locationId":"us-west4","displayName":"Las Vegas"},{"name":"projects/video-vault-gnytb/locations/us-west8","labels":{"cloud.googleapis.com/location":"us-west8","cloud.googleapis.com/region":"us-west8"},"metadata":{"@type":"type.googleapis.com/google.firestore.admin.v1.LocationMetadata"},"locationId":"us-west8","displayName":"Phoenix"}]}
[info] 
[info] Firestore Security Rules allow you to define how and when to allow
[info] requests. You can keep these rules in your project directory
[info] and publish them with firebase deploy.
[info] 
[debug] [2025-08-05T01:20:29.806Z] Checked if tokens are valid: true, expires at: 1754360325729
[debug] [2025-08-05T01:20:29.806Z] Checked if tokens are valid: true, expires at: 1754360325729
[debug] [2025-08-05T01:20:29.806Z] >>> [apiv2][query] GET https://firebaserules.googleapis.com/v1/projects/video-vault-gnytb/releases pageSize=10&pageToken=
[debug] [2025-08-05T01:20:30.290Z] <<< [apiv2][status] GET https://firebaserules.googleapis.com/v1/projects/video-vault-gnytb/releases 200
[debug] [2025-08-05T01:20:30.290Z] <<< [apiv2][body] GET https://firebaserules.googleapis.com/v1/projects/video-vault-gnytb/releases {"releases":[{"name":"projects/video-vault-gnytb/releases/firebase.storage/video-vault-gnytb.firebasestorage.app","rulesetName":"projects/video-vault-gnytb/rulesets/ed3c226b-8c4b-4fef-aca8-b1ab3ae6d7f2","createTime":"2025-08-04T21:10:36.019818Z","updateTime":"2025-08-04T21:15:33.938651Z"}]}
[info] 
[info] Firestore indexes allow you to perform complex queries while
[info] maintaining performance that scales with the size of the result
[info] set. You can keep index definitions in your project directory
[info] and publish them with firebase deploy.
[info] 
[debug] [2025-08-05T01:20:32.805Z] Checked if tokens are valid: true, expires at: 1754360325729
[debug] [2025-08-05T01:20:32.806Z] Checked if tokens are valid: true, expires at: 1754360325729
[debug] [2025-08-05T01:20:32.806Z] Checked if tokens are valid: true, expires at: 1754360325729
[debug] [2025-08-05T01:20:32.806Z] Checked if tokens are valid: true, expires at: 1754360325729
[debug] [2025-08-05T01:20:32.806Z] >>> [apiv2][query] GET https://firestore.googleapis.com/v1/projects/video-vault-gnytb/databases/(default)/collectionGroups/-/indexes [none]
[debug] [2025-08-05T01:20:32.809Z] >>> [apiv2][query] GET https://firestore.googleapis.com/v1/projects/video-vault-gnytb/databases/(default)/collectionGroups/-/fields?filter=indexConfig.usesAncestorConfig=false OR ttlConfig:* [none]
[debug] [2025-08-05T01:20:32.961Z] <<< [apiv2][status] GET https://firestore.googleapis.com/v1/projects/video-vault-gnytb/databases/(default)/collectionGroups/-/indexes 404
[debug] [2025-08-05T01:20:32.961Z] <<< [apiv2][body] GET https://firestore.googleapis.com/v1/projects/video-vault-gnytb/databases/(default)/collectionGroups/-/indexes {"error":{"code":404,"message":"Project 'video-vault-gnytb' or database '(default)' does not exist.","status":"NOT_FOUND"}}
[info] ✔  Wrote firestore.rules 
[info] ✔  Wrote firestore.indexes.json 
[info] 
=== Genkit Setup
[debug] [2025-08-05T01:20:32.973Z] <<< [apiv2][status] GET https://firestore.googleapis.com/v1/projects/video-vault-gnytb/databases/(default)/collectionGroups/-/fields?filter=indexConfig.usesAncestorConfig=false OR ttlConfig:* 404
[debug] [2025-08-05T01:20:32.973Z] <<< [apiv2][body] GET https://firestore.googleapis.com/v1/projects/video-vault-gnytb/databases/(default)/collectionGroups/-/fields?filter=indexConfig.usesAncestorConfig=false OR ttlConfig:* {"error":{"code":404,"message":"Project 'video-vault-gnytb' or database '(default)' does not exist.","status":"NOT_FOUND"}}
[debug] [2025-08-05T01:20:44.646Z] > command requires scopes: ["email","openid","https://www.googleapis.com/auth/cloudplatformprojects.readonly","https://www.googleapis.com/auth/firebase","https://www.googleapis.com/auth/cloud-platform"]
[debug] [2025-08-05T01:20:44.647Z] > authorizing via signed-in user (gaspersscottma@gmail.com)
[debug] [2025-08-05T01:20:44.647Z] [iam] checking project video-vault-gnytb for permissions ["firebase.projects.get"]
[debug] [2025-08-05T01:20:44.647Z] Checked if tokens are valid: true, expires at: 1754360325729
[debug] [2025-08-05T01:20:44.647Z] Checked if tokens are valid: true, expires at: 1754360325729
[debug] [2025-08-05T01:20:44.648Z] >>> [apiv2][query] POST https://cloudresourcemanager.googleapis.com/v1/projects/video-vault-gnytb:testIamPermissions [none]
[debug] [2025-08-05T01:20:44.648Z] >>> [apiv2][(partial)header] POST https://cloudresourcemanager.googleapis.com/v1/projects/video-vault-gnytb:testIamPermissions x-goog-quota-user=projects/video-vault-gnytb
[debug] [2025-08-05T01:20:44.648Z] >>> [apiv2][body] POST https://cloudresourcemanager.googleapis.com/v1/projects/video-vault-gnytb:testIamPermissions {"permissions":["firebase.projects.get"]}
[debug] [2025-08-05T01:20:44.767Z] <<< [apiv2][status] POST https://cloudresourcemanager.googleapis.com/v1/projects/video-vault-gnytb:testIamPermissions 200
[debug] [2025-08-05T01:20:44.767Z] <<< [apiv2][body] POST https://cloudresourcemanager.googleapis.com/v1/projects/video-vault-gnytb:testIamPermissions {"permissions":["firebase.projects.get"]}
[debug] [2025-08-05T01:20:44.768Z] Checked if tokens are valid: true, expires at: 1754360325729
[debug] [2025-08-05T01:20:44.768Z] Checked if tokens are valid: true, expires at: 1754360325729
[debug] [2025-08-05T01:20:44.768Z] Checked if tokens are valid: true, expires at: 1754360325729
[debug] [2025-08-05T01:20:44.768Z] Checked if tokens are valid: true, expires at: 1754360325729
[debug] [2025-08-05T01:20:44.768Z] >>> [apiv2][query] GET https://serviceusage.googleapis.com/v1/projects/video-vault-gnytb/services/cloudfunctions.googleapis.com [none]
[debug] [2025-08-05T01:20:44.768Z] >>> [apiv2][(partial)header] GET https://serviceusage.googleapis.com/v1/projects/video-vault-gnytb/services/cloudfunctions.googleapis.com x-goog-quota-user=projects/video-vault-gnytb
[debug] [2025-08-05T01:20:44.771Z] >>> [apiv2][query] GET https://serviceusage.googleapis.com/v1/projects/video-vault-gnytb/services/runtimeconfig.googleapis.com [none]
[debug] [2025-08-05T01:20:44.771Z] >>> [apiv2][(partial)header] GET https://serviceusage.googleapis.com/v1/projects/video-vault-gnytb/services/runtimeconfig.googleapis.com x-goog-quota-user=projects/video-vault-gnytb
[debug] [2025-08-05T01:20:45.238Z] <<< [apiv2][status] GET https://serviceusage.googleapis.com/v1/projects/video-vault-gnytb/services/runtimeconfig.googleapis.com 200
[debug] [2025-08-05T01:20:45.238Z] <<< [apiv2][body] GET https://serviceusage.googleapis.com/v1/projects/video-vault-gnytb/services/runtimeconfig.googleapis.com [omitted]
[debug] [2025-08-05T01:20:45.244Z] <<< [apiv2][status] GET https://serviceusage.googleapis.com/v1/projects/video-vault-gnytb/services/cloudfunctions.googleapis.com 200
[debug] [2025-08-05T01:20:45.244Z] <<< [apiv2][body] GET https://serviceusage.googleapis.com/v1/projects/video-vault-gnytb/services/cloudfunctions.googleapis.com [omitted]
[debug] [2025-08-05T01:20:45.245Z] Checked if tokens are valid: true, expires at: 1754360325729
[debug] [2025-08-05T01:20:45.245Z] Checked if tokens are valid: true, expires at: 1754360325729
[debug] [2025-08-05T01:20:45.245Z] >>> [apiv2][query] POST https://serviceusage.googleapis.com/v1/projects/video-vault-gnytb/services/cloudfunctions.googleapis.com:enable [none]
[debug] [2025-08-05T01:20:45.245Z] >>> [apiv2][(partial)header] POST https://serviceusage.googleapis.com/v1/projects/video-vault-gnytb/services/cloudfunctions.googleapis.com:enable x-goog-quota-user=projects/video-vault-gnytb
[debug] [2025-08-05T01:20:45.569Z] <<< [apiv2][status] POST https://serviceusage.googleapis.com/v1/projects/video-vault-gnytb/services/cloudfunctions.googleapis.com:enable 200
[debug] [2025-08-05T01:20:45.569Z] <<< [apiv2][body] POST https://serviceusage.googleapis.com/v1/projects/video-vault-gnytb/services/cloudfunctions.googleapis.com:enable [omitted]
[info] Let's create a new codebase for your functions.
[info] A directory corresponding to the codebase will be created in your project
[info] with sample code pre-configured.

[info] See https://firebase.google.com/docs/functions/organize-functions for
[info] more information on organizing your functions using codebases.

[info] Functions can be deployed with firebase deploy.

[info] ✔  Wrote functions/package.json 
[info] ✔  Wrote functions/.eslintrc.js 
[info] ✔  Wrote functions/tsconfig.dev.json 
[info] ✔  Wrote functions/tsconfig.json 
[info] ✔  Wrote functions/src/index.ts 
[info] ✔  Wrote functions/.gitignore 
[info] 
[info] i  genkit: Installing Genkit CLI version 1.15.5
 
[info] i  genkit: Installing NPM packages for genkit 
[info] ✔  genkit: Successfully installed NPM packages 
[info] i  genkit: Updating tsconfig.json 
[info] ✔  genkit: Successfully updated tsconfig.json 
[info] i  genkit: Updating package.json 
[info] ✔  genkit: Successfully updated package.json 
[info] Telemetry data can be used to monitor and gain insights into your AI features. There may be a cost associated with using this feature. See https://firebase.google.com/docs/genkit/observability/telemetry-collection.
[info] i  genkit: Generating sample file 
[info] ✔  genkit: Successfully generated sample file (src/genkit-sample.ts) 
[info] 
[info] 
Login to Google Cloud using:
[info]     gcloud auth application-default login --project video-vault-gnytb

[info] Then start the Genkit developer experience by running:
[info]     cd functions && npm run genkit:start
[info] 
=== Functions Setup
[debug] [2025-08-05T01:23:22.003Z] > command requires scopes: ["email","openid","https://www.googleapis.com/auth/cloudplatformprojects.readonly","https://www.googleapis.com/auth/firebase","https://www.googleapis.com/auth/cloud-platform"]
[debug] [2025-08-05T01:23:22.003Z] > authorizing via signed-in user (gaspersscottma@gmail.com)
[debug] [2025-08-05T01:23:22.003Z] [iam] checking project video-vault-gnytb for permissions ["firebase.projects.get"]
[debug] [2025-08-05T01:23:22.004Z] Checked if tokens are valid: true, expires at: 1754360325729
[debug] [2025-08-05T01:23:22.004Z] Checked if tokens are valid: true, expires at: 1754360325729
[debug] [2025-08-05T01:23:22.004Z] >>> [apiv2][query] POST https://cloudresourcemanager.googleapis.com/v1/projects/video-vault-gnytb:testIamPermissions [none]
[debug] [2025-08-05T01:23:22.004Z] >>> [apiv2][(partial)header] POST https://cloudresourcemanager.googleapis.com/v1/projects/video-vault-gnytb:testIamPermissions x-goog-quota-user=projects/video-vault-gnytb
[debug] [2025-08-05T01:23:22.004Z] >>> [apiv2][body] POST https://cloudresourcemanager.googleapis.com/v1/projects/video-vault-gnytb:testIamPermissions {"permissions":["firebase.projects.get"]}
[debug] [2025-08-05T01:23:22.110Z] <<< [apiv2][status] POST https://cloudresourcemanager.googleapis.com/v1/projects/video-vault-gnytb:testIamPermissions 200
[debug] [2025-08-05T01:23:22.111Z] <<< [apiv2][body] POST https://cloudresourcemanager.googleapis.com/v1/projects/video-vault-gnytb:testIamPermissions {"permissions":["firebase.projects.get"]}
[info] 
Detected existing codebase(s): default

[info] Let's create a new codebase for your functions.
[info] A directory corresponding to the codebase will be created in your project
[info] with sample code pre-configured.

[info] See https://firebase.google.com/docs/functions/organize-functions for
[info] more information on organizing your functions using codebases.

[info] Functions can be deployed with firebase deploy.

[info] ✔  Wrote test-codebase/requirements.txt 
[info] ✔  Wrote test-codebase/.gitignore 
[info] ✔  Wrote test-codebase/main.py 
[debug] [2025-08-05T01:23:54.575Z] Running command with virtualenv: command=., args=["\"/home/max/Desktop/firebase-video-demo/test-codebase/venv/bin/activate\"","&&","pip3","install","--upgrade","pip"]
[debug] [2025-08-05T01:23:54.584Z] Running command with virtualenv: command=., args=["\"/home/max/Desktop/firebase-video-demo/test-codebase/venv/bin/activate\"","&&","python3.13","-m","pip","install","-r","requirements.txt"]
[info] 
=== Hosting Setup
[debug] [2025-08-05T01:23:54.594Z] Checked if tokens are valid: true, expires at: 1754360325729
[debug] [2025-08-05T01:23:54.595Z] Checked if tokens are valid: true, expires at: 1754360325729
[debug] [2025-08-05T01:23:54.595Z] >>> [apiv2][query] GET https://firebase.googleapis.com/v1beta1/projects/video-vault-gnytb [none]
[debug] [2025-08-05T01:23:54.893Z] <<< [apiv2][status] GET https://firebase.googleapis.com/v1beta1/projects/video-vault-gnytb 200
[debug] [2025-08-05T01:23:54.893Z] <<< [apiv2][body] GET https://firebase.googleapis.com/v1beta1/projects/video-vault-gnytb {"projectId":"video-vault-gnytb","projectNumber":"1052283877831","displayName":"Video Vault","name":"projects/video-vault-gnytb","resources":{"hostingSite":"video-vault-gnytb"},"state":"ACTIVE","etag":"1_046d03b3-91ca-4d02-8162-c416bd87acb0"}
[info] 
[info] Your public directory is the folder (relative to your project directory) that
[info] will contain Hosting assets to be uploaded with firebase deploy. If you
[info] have a build process for your assets, use your build's output directory.
[info] 
